 2018-03-05T00:48:59.000
   0.0000000000000000        278405.03101736389       -100.00000000000000       -10.000000000000000        3548.1040386763902       -10.000000000000000       -1.0000000000000000     
   6.2831853071795862        280918.30514023575        100.00000000000000        10.000000000000000        4548.1040386763907        10.000000000000000        1.0000000000000000     
 --------------------
 one block use :    126.27995488606393       seconds
 2018-03-05T00:49:31.000
   0.0000000000000000        276108.07801456208       -45.937782331946657       -10.000000000000000        3347.4283570113139       -10.000000000000000       -1.0000000000000000     
   6.2831853071795862        276148.07801456208       -35.937782331946657        10.000000000000000        4347.4283570113139        10.000000000000000        1.0000000000000000     
 --------------------
 one block use :    50.482162829488516       seconds
 2018-03-05T00:50:03.000
   0.0000000000000000        273465.58686046617       -46.171980922983757       -10.000000000000000        3694.1265841293034       -10.000000000000000       -1.0000000000000000     
   6.2831853071795862        273505.58686046617       -36.171980922983757        10.000000000000000        4094.1265841293034        10.000000000000000        1.0000000000000000     
 --------------------
 one block use :    50.480692792683840       seconds
 2018-03-05T00:50:35.000
   0.0000000000000000        270808.17707922327       -46.403305483101036       -10.000000000000000        3518.3672714721220       -10.000000000000000       -1.0000000000000000     
   6.2831853071795862        270848.17707922327       -36.403305483101036        10.000000000000000        3918.3672714721220        10.000000000000000        1.0000000000000000     
 --------------------
 one block use :    50.479025036096573       seconds
 2018-03-05T00:51:07.000
   0.0000000000000000        268134.80451268825       -46.647294988048287       -10.000000000000000        3701.5736054465260       -10.000000000000000       -1.0000000000000000     
   6.2831853071795862        268174.80451268825       -36.647294988048287        10.000000000000000        4101.5736054465260        10.000000000000000        1.0000000000000000     
 --------------------
 one block use :    50.477707859128714       seconds
 2018-03-05T00:51:39.000
   0.0000000000000000        265446.16710069141       -46.889717827451378       -10.000000000000000        3726.6660007328710       -10.000000000000000       -1.0000000000000000     
   6.2831853071795862        265486.16710069141       -36.889717827451378        10.000000000000000        4126.6660007328710        10.000000000000000        1.0000000000000000     
 --------------------
 one block use :    50.479630004614592       seconds
 2018-03-05T00:52:11.000
   0.0000000000000000        262741.51524402812       -47.139964741249180       -10.000000000000000        3597.1747954667144       -10.000000000000000       -1.0000000000000000     
   6.2831853071795862        262781.51524402812       -37.139964741249180        10.000000000000000        3997.1747954667144        10.000000000000000        1.0000000000000000     
 --------------------
 one block use :    50.487785117700696       seconds
 2018-03-05T00:52:43.000
   0.0000000000000000        260022.05291114270       -47.377077573694223       -10.000000000000000        3734.4750184733898       -10.000000000000000       -1.0000000000000000     
   6.2831853071795862        260062.05291114270       -37.377077573694223        10.000000000000000        4134.4750184733894        10.000000000000000        1.0000000000000000     
 --------------------
 one block use :    50.504394020885229       seconds
 2018-03-05T00:53:15.000
   0.0000000000000000        257286.03280017269       -47.625918125213758       -10.000000000000000        3746.9984494502037       -10.000000000000000       -1.0000000000000000     
   6.2831853071795862        257326.03280017269       -37.625918125213758        10.000000000000000        4146.9984494502041        10.000000000000000        1.0000000000000000     
 --------------------
 one block use :    50.512354899197817       seconds
 2018-03-05T00:53:47.000
   0.0000000000000000        254534.02150971905       -47.875499590218837       -10.000000000000000        3741.0797651151152       -10.000000000000000       -1.0000000000000000     
   6.2831853071795862        254574.02150971905       -37.875499590218837        10.000000000000000        4141.0797651151152        10.000000000000000        1.0000000000000000     
 --------------------
 one block use :    50.528273442760110       seconds
 2018-03-05T00:54:19.000
   0.0000000000000000        251765.62900847127       -48.129462566416763       -10.000000000000000        3614.6929198681901       -10.000000000000000       -1.0000000000000000     
   6.2831853071795862        251805.62900847127       -38.129462566416763        10.000000000000000        4014.6929198681901        10.000000000000000        1.0000000000000000     
 --------------------
 one block use :    50.552547922357917       seconds
 2018-03-05T00:54:51.000
   0.0000000000000000        248980.83244655313       -48.385503920994694       -10.000000000000000        3461.9523436911395       -10.000000000000000       -1.0000000000000000     
   6.2831853071795862        249020.83244655313       -38.385503920994694        10.000000000000000        3861.9523436911395        10.000000000000000        1.0000000000000000     
 --------------------
 one block use :    50.568893050774932       seconds
 2018-03-05T00:55:23.000
   0.0000000000000000        246179.63072653813       -48.641257238882631       -10.000000000000000        3661.9510877262346       -10.000000000000000       -1.0000000000000000     
   6.2831853071795862        246219.63072653813       -38.641257238882631        10.000000000000000        4061.9510877262346        10.000000000000000        1.0000000000000000     
 --------------------
 one block use :    50.584460787475109       seconds
 2018-03-05T00:55:55.000
   0.0000000000000000        243361.44349107103       -48.903229452200577       -10.000000000000000        3744.0822815436136       -10.000000000000000       -1.0000000000000000     
   6.2831853071795862        243401.44349107103       -38.903229452200577        10.000000000000000        4144.0822815436131        10.000000000000000        1.0000000000000000     
 --------------------
 one block use :    50.590824132785201       seconds
 2018-03-05T00:56:27.000
   0.0000000000000000        240526.58787960731       -49.164259760064169       -10.000000000000000        3713.0782392991982       -10.000000000000000       -1.0000000000000000     
   6.2831853071795862        240566.58787960731       -39.164259760064169        10.000000000000000        4113.0782392991987        10.000000000000000        1.0000000000000000     
 --------------------
 one block use :    50.614085949957371       seconds
 2018-03-05T00:56:59.000
   0.0000000000000000        237674.38102843391       -49.432223176552753       -10.000000000000000        3712.1242877067789       -10.000000000000000       -1.0000000000000000     
   6.2831853071795862        237714.38102843391       -39.432223176552753        10.000000000000000        4112.1242877067789        10.000000000000000        1.0000000000000000     
 --------------------
 one block use :    50.662581240758300       seconds
 2018-03-05T00:57:31.000
   0.0000000000000000        234805.18680103918       -49.698459102088172       -10.000000000000000        3701.6180523664893       -10.000000000000000       -1.0000000000000000     
   6.2831853071795862        234845.18680103918       -39.698459102088172        10.000000000000000        4101.6180523664898        10.000000000000000        1.0000000000000000     
 --------------------
 one block use :    50.669928701594472       seconds
 2018-03-05T00:58:03.000
   0.0000000000000000        231918.37668601799       -49.970786924278841       -10.000000000000000        3690.7811081319860       -10.000000000000000       -1.0000000000000000     
   6.2831853071795862        231958.37668601799       -39.970786924278841        10.000000000000000        4090.7811081319860        10.000000000000000        1.0000000000000000     
 --------------------
 one block use :    50.528247678652406       seconds
 2018-03-05T00:58:35.000
   0.0000000000000000        229013.96240371684       -50.246049854821393       -10.000000000000000        3694.1130906581584       -10.000000000000000       -1.0000000000000000     
   6.2831853071795862        229053.96240371684       -40.246049854821393        10.000000000000000        4094.1130906581584        10.000000000000000        1.0000000000000000     
 --------------------
 one block use :    50.482432009652257       seconds
 2018-03-05T00:59:07.000
   0.0000000000000000        226092.07702025640       -50.519080137509455       -10.000000000000000        3733.1716514791215       -10.000000000000000       -1.0000000000000000     
   6.2831853071795862        226132.07702025640       -40.519080137509455        10.000000000000000        4133.1716514791215        10.000000000000000        1.0000000000000000     
 --------------------
 one block use :    50.473150297999382       seconds
 2018-03-05T00:59:39.000
   0.0000000000000000        223152.07311182452       -50.797407179340297       -10.000000000000000        3750.3547864692564       -10.000000000000000       -1.0000000000000000     
   6.2831853071795862        223192.07311182452       -40.797407179340297        10.000000000000000        4150.3547864692564        10.000000000000000        1.0000000000000000     
 --------------------
 one block use :    50.429759629070759       seconds
 2018-03-05T01:00:11.000
   0.0000000000000000        220193.86349096501       -51.080348798870965       -10.000000000000000        3710.9137170605345       -10.000000000000000       -1.0000000000000000     
   6.2831853071795862        220233.86349096501       -41.080348798870965        10.000000000000000        4110.9137170605345        10.000000000000000        1.0000000000000000     
 --------------------
 one block use :    50.428920496255159       seconds
 2018-03-05T01:00:43.000
   0.0000000000000000        217217.43143205735       -51.365476868565892       -10.000000000000000        3641.2384875894122       -10.000000000000000       -1.0000000000000000     
   6.2831853071795862        217257.43143205735       -41.365476868565892        10.000000000000000        4041.2384875894122        10.000000000000000        1.0000000000000000     
 --------------------
 one block use :    50.425710543990135       seconds
 2018-03-05T01:01:15.000
   0.0000000000000000        214222.64786779540       -51.650008282613882       -10.000000000000000        3628.4976264556171       -10.000000000000000       -1.0000000000000000     
   6.2831853071795862        214262.64786779540       -41.650008282613882        10.000000000000000        4028.4976264556171        10.000000000000000        1.0000000000000000     
 --------------------
 one block use :    50.428820136934519       seconds
 2018-03-05T01:01:47.000
   0.0000000000000000        211208.87599751318       -51.942186841392875       -10.000000000000000        3685.6416985340047       -10.000000000000000       -1.0000000000000000     
   6.2831853071795862        211248.87599751318       -41.942186841392875        10.000000000000000        4085.6416985340047        10.000000000000000        1.0000000000000000     
 --------------------
 one block use :    50.426062203943729       seconds
 2018-03-05T01:02:19.000
   0.0000000000000000        208190.05261389396       -52.409151995949244       -10.000000000000000        3560.3701469902821       -10.000000000000000       -1.0000000000000000     
   6.2831853071795862        208230.05261389396       -42.409151995949244        10.000000000000000        3960.3701469902821        10.000000000000000        1.0000000000000000     
 --------------------
 one block use :    50.455277323722839       seconds
 2018-03-05T01:02:51.000
   0.0000000000000000        205041.38430775490       -53.891233830974208       -10.000000000000000        3368.8908554016512       -10.000000000000000       -1.0000000000000000     
   6.2831853071795862        205081.38430775490       -43.891233830974208        10.000000000000000        3768.8908554016512        10.000000000000000        1.0000000000000000     
 --------------------
 2018-03-05T01:03:23.000
   0.0000000000000000        201874.75226370280       -53.891233830974208       -10.000000000000000        3617.3654703641405       -10.000000000000000       -1.0000000000000000     
   6.2831853071795862        204388.02638657461       -43.891233830974208        10.000000000000000        4617.3654703641405        10.000000000000000        1.0000000000000000     
 --------------------
 one block use :    126.17168284393847       seconds
 2018-03-05T01:03:55.000
   0.0000000000000000        198970.07304355258       -53.023666609067043       -10.000000000000000        3120.6828185413124       -10.000000000000000       -1.0000000000000000     
   6.2831853071795862        199010.07304355258       -43.023666609067043        10.000000000000000        4120.6828185413124        10.000000000000000        1.0000000000000000     
 --------------------
 one block use :    50.425736421719193       seconds
 2018-03-05T01:04:27.000
   0.0000000000000000        195853.39431989408       -53.442616992195404       -10.000000000000000        3350.6669328486823       -10.000000000000000       -1.0000000000000000     
   6.2831853071795862        195893.39431989408       -43.442616992195404        10.000000000000000        3750.6669328486823        10.000000000000000        1.0000000000000000     
 --------------------
 one block use :    50.431931644678116       seconds
 2018-03-05T01:04:59.000
   0.0000000000000000        192723.71704544604       -53.748651368315578       -10.000000000000000        3159.5161690122854       -10.000000000000000       -1.0000000000000000     
   6.2831853071795862        192763.71704544604       -43.748651368315578        10.000000000000000        3559.5161690122854        10.000000000000000        1.0000000000000000     
 --------------------
 one block use :    50.425306161865592       seconds
 2018-03-05T01:05:31.000
   0.0000000000000000        189573.57481819531       -54.063528734741254       -10.000000000000000        3359.4378607309986       -10.000000000000000       -1.0000000000000000     
   6.2831853071795862        189613.57481819531       -44.063528734741254        10.000000000000000        3759.4378607309986        10.000000000000000        1.0000000000000000     
 --------------------
 one block use :    50.423158748075366       seconds
 2018-03-05T01:06:03.000
   0.0000000000000000        186403.36006819748       -54.378150268426708       -10.000000000000000        3227.6401753521764       -10.000000000000000       -1.0000000000000000     
   6.2831853071795862        186443.36006819748       -44.378150268426708        10.000000000000000        3627.6401753521764        10.000000000000000        1.0000000000000000     
 --------------------
 one block use :    50.425270540639758       seconds
 2018-03-05T01:06:35.000
   0.0000000000000000        183212.49758034744       -54.698669509115767       -10.000000000000000        3427.5827611695649       -10.000000000000000       -1.0000000000000000     
   6.2831853071795862        183252.49758034744       -44.698669509115767        10.000000000000000        3827.5827611695649        10.000000000000000        1.0000000000000000     
 --------------------
 one block use :    50.425659613683820       seconds
 2018-03-05T01:07:07.000
   0.0000000000000000        180001.04905811528       -55.019331704792414       -10.000000000000000        3627.5641043220353       -10.000000000000000       -1.0000000000000000     
   6.2831853071795862        180041.04905811528       -45.019331704792414        10.000000000000000        4027.5641043220353        10.000000000000000        1.0000000000000000     
 --------------------
 one block use :    50.426404891535640       seconds
 2018-03-05T01:07:39.000
   0.0000000000000000        176768.50845007008       -55.346205889393694       -10.000000000000000        3809.3478448746782       -10.000000000000000       -1.0000000000000000     
   6.2831853071795862        176808.50845007008       -45.346205889393694        10.000000000000000        4209.3478448746782        10.000000000000000        1.0000000000000000     
 --------------------
 one block use :    50.423774359747767       seconds
 2018-03-05T01:08:11.000
   0.0000000000000000        173515.05931470511       -55.673025479045833       -10.000000000000000        3804.9803669827206       -10.000000000000000       -1.0000000000000000     
   6.2831853071795862        173555.05931470511       -45.673025479045833        10.000000000000000        4204.9803669827206        10.000000000000000        1.0000000000000000     
 --------------------
 one block use :    50.428364168852568       seconds
 2018-03-05T01:08:43.000
   0.0000000000000000        170240.24231391837       -56.001967139655221       -10.000000000000000        3864.2628018615924       -10.000000000000000       -1.0000000000000000     
   6.2831853071795862        170280.24231391837       -46.001967139655221        10.000000000000000        4264.2628018615924        10.000000000000000        1.0000000000000000     
 --------------------
 one block use :    50.428220203146338       seconds
 2018-03-05T01:09:15.000
   0.0000000000000000        166943.19018207499       -56.343324788409689       -10.000000000000000        3786.5071045582431       -10.000000000000000       -1.0000000000000000     
   6.2831853071795862        166983.19018207499       -46.343324788409689        10.000000000000000        4186.5071045582426        10.000000000000000        1.0000000000000000     
 --------------------
 one block use :    50.421493945643306       seconds
 2018-03-05T01:09:47.000
   0.0000000000000000        163624.82609034845       -56.680974711782262       -10.000000000000000        3838.4857524309136       -10.000000000000000       -1.0000000000000000     
   6.2831853071795862        163664.82609034845       -46.680974711782262        10.000000000000000        4238.4857524309136        10.000000000000000        1.0000000000000000     
 --------------------
 one block use :    50.423097111284733       seconds
 2018-03-05T01:10:19.000
   0.0000000000000000        160284.09515912141       -57.025772874186863       -10.000000000000000        3891.9284624294369       -10.000000000000000       -1.0000000000000000     
   6.2831853071795862        160324.09515912141       -47.025772874186863        10.000000000000000        4291.9284624294369        10.000000000000000        1.0000000000000000     
 --------------------
 one block use :    50.427433354780078       seconds
 2018-03-05T01:10:51.000
   0.0000000000000000        156921.05660386619       -57.374561549423696       -10.000000000000000        3813.0763137278295       -10.000000000000000       -1.0000000000000000     
   6.2831853071795862        156961.05660386619       -47.374561549423696        10.000000000000000        4213.0763137278300        10.000000000000000        1.0000000000000000     
 --------------------
 one block use :    50.424088835716248       seconds
 2018-03-05T01:11:23.000
   0.0000000000000000        153535.55065219611       -57.724425721752340       -10.000000000000000        3801.8745005384999       -10.000000000000000       -1.0000000000000000     
   6.2831853071795862        153575.55065219611       -47.724425721752340        10.000000000000000        4201.8745005384999        10.000000000000000        1.0000000000000000     
 --------------------
 one block use :    50.427109863609076       seconds
 2018-03-05T01:11:55.000
   0.0000000000000000        150127.11661226436       -58.078984191679893       -10.000000000000000        3714.9361558212067       -10.000000000000000       -1.0000000000000000     
   6.2831853071795862        150167.11661226436       -48.078984191679893        10.000000000000000        4114.9361558212067        10.000000000000000        1.0000000000000000     
 --------------------
 one block use :    50.425480555742979       seconds
 2018-03-05T01:12:27.000
   0.0000000000000000        146695.57399982275       -58.439140511171985       -10.000000000000000        3785.6728163218791       -10.000000000000000       -1.0000000000000000     
   6.2831853071795862        146735.57399982275       -48.439140511171985        10.000000000000000        4185.6728163218795        10.000000000000000        1.0000000000000000     
 --------------------
 one block use :    50.426129193976521       seconds
 2018-03-05T01:12:59.000
   0.0000000000000000        143240.87457028779       -58.799884960279044       -10.000000000000000        3829.0800674018838       -10.000000000000000       -1.0000000000000000     
   6.2831853071795862        143280.87457028779       -48.799884960279044        10.000000000000000        4229.0800674018838        10.000000000000000        1.0000000000000000     
 --------------------
 one block use :    50.425069760531187       seconds
 2018-03-05T01:13:31.000
   0.0000000000000000        139762.35890226116       -59.167779593144502       -10.000000000000000        3766.8950646383109       -10.000000000000000       -1.0000000000000000     
   6.2831853071795862        139802.35890226116       -49.167779593144502        10.000000000000000        4166.8950646383109        10.000000000000000        1.0000000000000000     
 --------------------
 one block use :    50.429142337292433       seconds
 2018-03-05T01:14:03.000
   0.0000000000000000        136260.10770067561       -59.537779756738168       -10.000000000000000        3713.4209349133412       -10.000000000000000       -1.0000000000000000     
   6.2831853071795862        136300.10770067561       -49.537779756738168        10.000000000000000        4113.4209349133416        10.000000000000000        1.0000000000000000     
 --------------------
 one block use :    50.429618740454316       seconds
 2018-03-05T01:14:35.000
   0.0000000000000000        132733.62377864361       -59.913478390776874       -10.000000000000000        3537.7827732946057       -10.000000000000000       -1.0000000000000000     
   6.2831853071795862        132773.62377864361       -49.913478390776874        10.000000000000000        3937.7827732946057        10.000000000000000        1.0000000000000000     
 --------------------
 one block use :    50.432858176529408       seconds
 2018-03-05T01:15:07.000
   0.0000000000000000        129182.54670448120       -60.296790197795858       -10.000000000000000        3737.7109229884022       -10.000000000000000       -1.0000000000000000     
   6.2831853071795862        129222.54670448120       -50.296790197795858        10.000000000000000        4137.7109229884027        10.000000000000000        1.0000000000000000     
 --------------------
 one block use :    50.428364647552371       seconds
 2018-03-05T01:15:39.000
   0.0000000000000000        125607.33591945274       -60.675560908666114       -10.000000000000000        3732.2396549364717       -10.000000000000000       -1.0000000000000000     
   6.2831853071795862        125647.33591945274       -50.675560908666114        10.000000000000000        4132.2396549364712        10.000000000000000        1.0000000000000000     
 --------------------
 one block use :    50.425637474283576       seconds
 2018-03-05T01:16:11.000
   0.0000000000000000        122006.87343690101       -61.063567729001782       -10.000000000000000        3705.3869130398489       -10.000000000000000       -1.0000000000000000     
   6.2831853071795862        122046.87343690101       -51.063567729001782        10.000000000000000        4105.3869130398489        10.000000000000000        1.0000000000000000     
 --------------------
 one block use :    50.423137260600924       seconds
 2018-03-05T01:16:43.000
   0.0000000000000000        118381.19213563173       -61.455550561568707       -10.000000000000000        3744.0111697733973       -10.000000000000000       -1.0000000000000000     
   6.2831853071795862        118421.19213563173       -51.455550561568707        10.000000000000000        4144.0111697733973        10.000000000000000        1.0000000000000000     
 --------------------
 one block use :    50.418495684862137       seconds
 2018-03-05T01:17:15.000
   0.0000000000000000        114729.93331963372       -61.854597750141593       -10.000000000000000        3686.2759979329917       -10.000000000000000       -1.0000000000000000     
   6.2831853071795862        114769.93331963372       -51.854597750141593        10.000000000000000        4086.2759979329917        10.000000000000000        1.0000000000000000     
 --------------------
 one block use :    50.423799706622958       seconds
 2018-03-05T01:17:47.000
   0.0000000000000000        111053.00152113666       -62.253703623340982       -10.000000000000000        3704.1015449528654       -10.000000000000000       -1.0000000000000000     
   6.2831853071795862        111093.00152113666       -52.253703623340982        10.000000000000000        4104.1015449528659        10.000000000000000        1.0000000000000000     
 --------------------
 one block use :    50.423527831211686       seconds
 2018-03-05T01:18:19.000
   0.0000000000000000        107349.84554898053       -62.658889422270647       -10.000000000000000        3684.7630082004116       -10.000000000000000       -1.0000000000000000     
   6.2831853071795862        107389.84554898053       -52.658889422270647        10.000000000000000        4084.7630082004116        10.000000000000000        1.0000000000000000     
 --------------------
 one block use :    50.428339568898082       seconds
 2018-03-05T01:18:51.000
   0.0000000000000000        103620.45491963407       -63.068446871543358       -10.000000000000000        3685.1342983182062       -10.000000000000000       -1.0000000000000000     
   6.2831853071795862        103660.45491963407       -53.068446871543358        10.000000000000000        4085.1342983182062        10.000000000000000        1.0000000000000000     
 --------------------
 one block use :    50.427255464717746       seconds
 2018-03-05T01:19:23.000
   0.0000000000000000        99864.087113391535       -63.484212014012570       -10.000000000000000        3723.8691891609424       -10.000000000000000       -1.0000000000000000     
   6.2831853071795862        99904.087113391535       -53.484212014012570        10.000000000000000        4123.8691891609424        10.000000000000000        1.0000000000000000     
 --------------------
 one block use :    50.429238751530647       seconds
 2018-03-05T01:19:55.000
   0.0000000000000000        96080.376366194643       -63.911745484648385       -10.000000000000000        3663.9737470654327       -10.000000000000000       -1.0000000000000000     
   6.2831853071795862        96120.376366194643       -53.911745484648385        10.000000000000000        4063.9737470654327        10.000000000000000        1.0000000000000000     
 --------------------
 one block use :    50.429281311109662       seconds
 2018-03-05T01:20:27.000
   0.0000000000000000        92270.274906596809       -64.327916387411278       -10.000000000000000        3695.8301781671234       -10.000000000000000       -1.0000000000000000     
   6.2831853071795862        92310.274906596809       -54.327916387411271        10.000000000000000        4095.8301781671234        10.000000000000000        1.0000000000000000     
 --------------------
 one block use :    50.422344559803605       seconds
 2018-03-05T01:20:59.000
   0.0000000000000000        88431.790012596146       -64.762333831913665       -10.000000000000000        3502.9635686974034       -10.000000000000000       -1.0000000000000000     
   6.2831853071795862        88471.790012596146       -54.762333831913665        10.000000000000000        3902.9635686974034        10.000000000000000        1.0000000000000000     
 --------------------
 one block use :    50.427799407392740       seconds
 2018-03-05T01:21:31.000
   0.0000000000000000        84565.928339871403       -65.191086641954215       -10.000000000000000        3702.9615136561461       -10.000000000000000       -1.0000000000000000     
   6.2831853071795862        84605.928339871403       -55.191086641954215        10.000000000000000        4102.9615136561461        10.000000000000000        1.0000000000000000     
 --------------------
 one block use :    50.428907733410597       seconds
 2018-03-05T01:22:03.000
   0.0000000000000000        80671.181344345052       -65.633455618619422       -10.000000000000000        3738.7953116036879       -10.000000000000000       -1.0000000000000000     
   6.2831853071795862        80711.181344345052       -55.633455618619422        10.000000000000000        4138.7953116036879        10.000000000000000        1.0000000000000000     
