 2018-03-05T00:48:59.000
   0.0000000000000000        278405.03101736389       -100.00000000000000       -10.000000000000000        3548.1040386765908       -10.000000000000000       -1.0000000000000000     
   6.2831853071795862        280918.30514023575        100.00000000000000        10.000000000000000        4548.1040386765908        10.000000000000000        1.0000000000000000     
 --------------------
 one block use :    88.326701289042830       seconds
 2018-03-05T00:49:15.000
   0.0000000000000000        278074.40137310477       -45.882628725837904       -10.000000000000000        3357.6249239537592       -10.000000000000000       -1.0000000000000000     
   6.2831853071795862        278114.40137310477       -35.882628725837904        10.000000000000000        4357.6249239537592        10.000000000000000        1.0000000000000000     
 --------------------
 one block use :    27.542415799573064       seconds
 2018-03-05T00:49:31.000
   0.0000000000000000        276760.71508088429       -45.997200580457168       -10.000000000000000        3643.1157038042511       -10.000000000000000       -1.0000000000000000     
   6.2831853071795862        276800.71508088429       -35.997200580457168        10.000000000000000        4043.1157038042511        10.000000000000000        1.0000000000000000     
 --------------------
 one block use :    27.540447775274515       seconds
 2018-03-05T00:49:47.000
   0.0000000000000000        275443.11147754104       -46.117828246636805       -10.000000000000000        3694.8667548468893       -10.000000000000000       -1.0000000000000000     
   6.2831853071795862        275483.11147754104       -36.117828246636805        10.000000000000000        4094.8667548468893        10.000000000000000        1.0000000000000000     
 --------------------
 one block use :    27.544940352439880       seconds
 2018-03-05T00:50:03.000
   0.0000000000000000        274121.98429941630       -46.230678145813286       -10.000000000000000        3697.7429842258280       -10.000000000000000       -1.0000000000000000     
   6.2831853071795862        274161.98429941630       -36.230678145813286        10.000000000000000        4097.7429842258280        10.000000000000000        1.0000000000000000     
 --------------------
 2018-03-05T00:50:19.000
   0.0000000000000000        271822.86988718749       -46.230678145813286       -10.000000000000000        3544.4529033007652       -10.000000000000000       -1.0000000000000000     
   6.2831853071795862        274336.14401005936       -36.230678145813286        10.000000000000000        4544.4529033007657        10.000000000000000        1.0000000000000000     
 --------------------
 one block use :    88.394779827445745       seconds
 2018-03-05T00:50:35.000
   0.0000000000000000        271468.10470228537       -46.466264133073352       -10.000000000000000        3442.3845128033145       -10.000000000000000       -1.0000000000000000     
   6.2831853071795862        271508.10470228537       -36.466264133073352        10.000000000000000        4442.3845128033145        10.000000000000000        1.0000000000000000     
 --------------------
 one block use :    27.536854948848486       seconds
 2018-03-05T00:50:51.000
   0.0000000000000000        270135.22265564051       -46.590916076049893       -10.000000000000000        3701.3970525724344       -10.000000000000000       -1.0000000000000000     
   6.2831853071795862        270175.22265564051       -36.590916076049893        10.000000000000000        4101.3970525724344        10.000000000000000        1.0000000000000000     
 --------------------
 one block use :    27.541294423863292       seconds
 2018-03-05T00:51:07.000
   0.0000000000000000        268798.76359210286       -46.706873656449865       -10.000000000000000        3702.2917399402718       -10.000000000000000       -1.0000000000000000     
   6.2831853071795862        268838.76359210286       -36.706873656449865        10.000000000000000        4102.2917399402722        10.000000000000000        1.0000000000000000     
 --------------------
 one block use :    27.505684433504939       seconds
 2018-03-05T00:51:23.000
   0.0000000000000000        267458.33709605871       -46.828461692488190       -10.000000000000000        3743.0453387183561       -10.000000000000000       -1.0000000000000000     
   6.2831853071795862        267498.33709605871       -36.828461692488190        10.000000000000000        4143.0453387183561        10.000000000000000        1.0000000000000000     
 --------------------
 one block use :    27.505115320906043       seconds
 2018-03-05T00:51:39.000
   0.0000000000000000        266113.87217348086       -46.953313554289835       -10.000000000000000        3715.6032589752531       -10.000000000000000       -1.0000000000000000     
   6.2831853071795862        266153.87217348086       -36.953313554289835        10.000000000000000        4115.6032589752531        10.000000000000000        1.0000000000000000     
 --------------------
 one block use :    27.500978520140052       seconds
 2018-03-05T00:51:55.000
   0.0000000000000000        264765.89436061005       -47.068859904739661       -10.000000000000000        3754.4675557673659       -10.000000000000000       -1.0000000000000000     
   6.2831853071795862        264805.89436061005       -37.068859904739661        10.000000000000000        4154.4675557673654        10.000000000000000        1.0000000000000000     
 --------------------
 one block use :    27.505763247609138       seconds
 2018-03-05T00:52:11.000
   0.0000000000000000        263413.84897750331       -47.188494930661761       -10.000000000000000        3696.5771723662210       -10.000000000000000       -1.0000000000000000     
   6.2831853071795862        263453.84897750331       -37.188494930661761        10.000000000000000        4096.5771723662210        10.000000000000000        1.0000000000000000     
 --------------------
 one block use :    27.503483993932605       seconds
 2018-03-05T00:52:27.000
   0.0000000000000000        262057.49629098363       -47.320386165344203       -10.000000000000000        3762.0080994181289       -10.000000000000000       -1.0000000000000000     
   6.2831853071795862        262097.49629098363       -37.320386165344203        10.000000000000000        4162.0080994181289        10.000000000000000        1.0000000000000000     
 --------------------
 one block use :    27.503517102450132       seconds
 2018-03-05T00:52:43.000
   0.0000000000000000        260697.51320632297       -47.442116263048618       -10.000000000000000        3713.1849781200899       -10.000000000000000       -1.0000000000000000     
   6.2831853071795862        260737.51320632297       -37.442116263048618        10.000000000000000        4113.1849781200899        10.000000000000000        1.0000000000000000     
 --------------------
 one block use :    27.502395231276751       seconds
 2018-03-05T00:52:59.000
   0.0000000000000000        259333.56087436719       -47.564411254776296       -10.000000000000000        3746.9282163180715       -10.000000000000000       -1.0000000000000000     
   6.2831853071795862        259373.56087436719       -37.564411254776296        10.000000000000000        4146.9282163180715        10.000000000000000        1.0000000000000000     
 --------------------
 one block use :    27.500580012798309       seconds
 2018-03-05T00:53:15.000
   0.0000000000000000        257965.56525087528       -47.688405496062309       -10.000000000000000        3753.2839693507235       -10.000000000000000       -1.0000000000000000     
   6.2831853071795862        258005.56525087528       -37.688405496062309        10.000000000000000        4153.2839693507231        10.000000000000000        1.0000000000000000     
 --------------------
 one block use :    27.503072995692492       seconds
 2018-03-05T00:53:31.000
   0.0000000000000000        256593.60565898800       -47.810728990542131       -10.000000000000000        3755.0873286932574       -10.000000000000000       -1.0000000000000000     
   6.2831853071795862        256633.60565898800       -37.810728990542131        10.000000000000000        4155.0873286932574        10.000000000000000        1.0000000000000000     
 --------------------
 one block use :    27.502444706857204       seconds
 2018-03-05T00:53:47.000
   0.0000000000000000        255217.36974730907       -47.942531359103953       -10.000000000000000        3730.9531074336428       -10.000000000000000       -1.0000000000000000     
   6.2831853071795862        255257.36974730907       -37.942531359103953        10.000000000000000        4130.9531074336428        10.000000000000000        1.0000000000000000     
 --------------------
 one block use :    27.504199733957648       seconds
 2018-03-05T00:54:03.000
   0.0000000000000000        253837.39686925977       -48.065175345337138       -10.000000000000000        3744.3122069837073       -10.000000000000000       -1.0000000000000000     
   6.2831853071795862        253877.39686925977       -38.065175345337138        10.000000000000000        4144.3122069837073        10.000000000000000        1.0000000000000000     
 --------------------
 2018-03-05T00:54:19.000
   0.0000000000000000        251493.39123114102       -48.065175345337138       -10.000000000000000        3597.6832119616129       -10.000000000000000       -1.0000000000000000     
   6.2831853071795862        254006.66535401286       -38.065175345337138        10.000000000000000        4597.6832119616129        10.000000000000000        1.0000000000000000     
 --------------------
 one block use :    88.417733313515782       seconds
 2018-03-05T00:54:35.000
   0.0000000000000000        251064.88614119936       -48.319915446337021       -10.000000000000000        3372.6219605205915       -10.000000000000000       -1.0000000000000000     
   6.2831853071795862        251104.88614119936       -38.319915446337021        10.000000000000000        4372.6219605205915        10.000000000000000        1.0000000000000000     
 --------------------
 one block use :    27.505425490438938       seconds
 2018-03-05T00:54:51.000
   0.0000000000000000        249672.56360770675       -48.445178529932107       -10.000000000000000        3653.7903115979120       -10.000000000000000       -1.0000000000000000     
   6.2831853071795862        249712.56360770675       -38.445178529932107        10.000000000000000        4053.7903115979120        10.000000000000000        1.0000000000000000     
 --------------------
 one block use :    27.505479782819748       seconds
 2018-03-05T00:55:07.000
   0.0000000000000000        248276.07858381895       -48.572512394565642       -10.000000000000000        3754.2178907214202       -10.000000000000000       -1.0000000000000000     
   6.2831853071795862        248316.07858381895       -38.572512394565642        10.000000000000000        4154.2178907214202        10.000000000000000        1.0000000000000000     
 --------------------
 one block use :    27.510266173630953       seconds
 2018-03-05T00:55:23.000
   0.0000000000000000        246875.24636456533       -48.707212611914855       -10.000000000000000        3743.6894465217865       -10.000000000000000       -1.0000000000000000     
   6.2831853071795862        246915.24636456533       -38.707212611914855        10.000000000000000        4143.6894465217865        10.000000000000000        1.0000000000000000     
 --------------------
 2018-03-05T00:55:39.000
   0.0000000000000000        244512.32732582733       -48.707212611914855       -10.000000000000000        3597.9870076324569       -10.000000000000000       -1.0000000000000000     
   6.2831853071795862        247025.60144869916       -38.707212611914855        10.000000000000000        4597.9870076324569        10.000000000000000        1.0000000000000000     
 --------------------
 2018-03-05T00:55:55.000
   0.0000000000000000        243097.10687469924       -48.707212611914855       -10.000000000000000        3512.4666791304926       -10.000000000000000       -1.0000000000000000     
   6.2831853071795862        245610.38099757108       -38.707212611914855        10.000000000000000        4512.4666791304926        10.000000000000000        1.0000000000000000     
 --------------------
 2018-03-05T00:56:11.000
   0.0000000000000000        241684.07635245271       -48.707212611914855       -10.000000000000000        3807.8251394347853       -10.000000000000000       -1.0000000000000000     
   6.2831853071795862        244197.35047532455       -38.707212611914855        10.000000000000000        4807.8251394347853        10.000000000000000        1.0000000000000000     
 --------------------
 one block use :    88.263075241819024       seconds
 2018-03-05T00:56:27.000
   0.0000000000000000        241230.45360622308       -49.232991223528593       -10.000000000000000        3432.2308902067525       -10.000000000000000       -1.0000000000000000     
   6.2831853071795862        241270.45360622308       -39.232991223528593        10.000000000000000        4432.2308902067525        10.000000000000000        1.0000000000000000     
 --------------------
 one block use :    27.514880256727338       seconds
 2018-03-05T00:56:43.000
   0.0000000000000000        239808.36570730738       -49.376794348952870       -10.000000000000000        3711.0893141519864       -10.000000000000000       -1.0000000000000000     
   6.2831853071795862        239848.36570730738       -39.376794348952870        10.000000000000000        4111.0893141519864        10.000000000000000        1.0000000000000000     
 --------------------
 one block use :    27.510166028514504       seconds
 2018-03-05T00:56:59.000
   0.0000000000000000        238382.89530399395       -49.490740489260119       -10.000000000000000        3707.6305434449928       -10.000000000000000       -1.0000000000000000     
   6.2831853071795862        238422.89530399395       -39.490740489260119        10.000000000000000        4107.6305434449932        10.000000000000000        1.0000000000000000     
 --------------------
 one block use :    27.512886095792055       seconds
 2018-03-05T00:57:15.000
   0.0000000000000000        236952.40526396438       -49.628863191284907       -10.000000000000000        3723.6760831172505       -10.000000000000000       -1.0000000000000000     
   6.2831853071795862        236992.40526396438       -39.628863191284907        10.000000000000000        4123.6760831172505        10.000000000000000        1.0000000000000000     
 --------------------
 one block use :    27.511574279516935       seconds
 2018-03-05T00:57:31.000
   0.0000000000000000        235517.64683687655       -49.766219603066332       -10.000000000000000        3683.3610209725784       -10.000000000000000       -1.0000000000000000     
   6.2831853071795862        235557.64683687655       -39.766219603066332        10.000000000000000        4083.3610209725784        10.000000000000000        1.0000000000000000     
 --------------------
 one block use :    27.509919269010425       seconds
 2018-03-05T00:57:47.000
   0.0000000000000000        234078.68069386849       -49.900456035718989       -10.000000000000000        3744.2455530739999       -10.000000000000000       -1.0000000000000000     
   6.2831853071795862        234118.68069386849       -39.900456035718989        10.000000000000000        4144.2455530739999        10.000000000000000        1.0000000000000000     
 --------------------
 one block use :    27.512224724516273       seconds
 2018-03-05T00:58:03.000
   0.0000000000000000        232635.13137967835       -50.041090322442500       -10.000000000000000        3652.3064250311136       -10.000000000000000       -1.0000000000000000     
   6.2831853071795862        232675.13137967835       -40.041090322442500        10.000000000000000        4052.3064250311136        10.000000000000000        1.0000000000000000     
 --------------------
 2018-03-05T00:58:19.000
   0.0000000000000000        230239.80707227302       -50.041090322442500       -10.000000000000000        3604.9110366696814       -10.000000000000000       -1.0000000000000000     
   6.2831853071795862        232753.08119514486       -40.041090322442500        10.000000000000000        4604.9110366696814        10.000000000000000        1.0000000000000000     
 --------------------
 one block use :    88.306635769084096       seconds
 2018-03-05T00:58:35.000
   0.0000000000000000        229735.33904123332       -50.308666189336591       -10.000000000000000        3376.1039680473127       -10.000000000000000       -1.0000000000000000     
   6.2831853071795862        229775.33904123332       -40.308666189336591        10.000000000000000        4376.1039680473132        10.000000000000000        1.0000000000000000     
 --------------------
 one block use :    27.510192608460784       seconds
 2018-03-05T00:58:51.000
   0.0000000000000000        228278.68228750717       -50.449423440976176       -10.000000000000000        3721.3231572057966       -10.000000000000000       -1.0000000000000000     
   6.2831853071795862        228318.68228750717       -40.449423440976176        10.000000000000000        4121.3231572057966        10.000000000000000        1.0000000000000000     
 --------------------
 one block use :    27.510222943499684       seconds
 2018-03-05T00:59:07.000
   0.0000000000000000        226817.49629902802       -50.592070000265444       -10.000000000000000        3746.6901784907222       -10.000000000000000       -1.0000000000000000     
   6.2831853071795862        226857.49629902802       -40.592070000265444        10.000000000000000        4146.6901784907222        10.000000000000000        1.0000000000000000     
 --------------------
 one block use :    27.504384934902191       seconds
 2018-03-05T00:59:23.000
   0.0000000000000000        225351.90614709421       -50.732211466267458       -10.000000000000000        3760.3726929903896       -10.000000000000000       -1.0000000000000000     
   6.2831853071795862        225391.90614709421       -40.732211466267458        10.000000000000000        4160.3726929903896        10.000000000000000        1.0000000000000000     
 --------------------
 one block use :    27.517271064221859       seconds
 2018-03-05T00:59:39.000
   0.0000000000000000        223882.01591174625       -50.868234690397969       -10.000000000000000        3742.6533912756308       -10.000000000000000       -1.0000000000000000     
   6.2831853071795862        223922.01591174625       -40.868234690397969        10.000000000000000        4142.6533912756313        10.000000000000000        1.0000000000000000     
 --------------------
 one block use :    27.515128392726183       seconds
 2018-03-05T00:59:55.000
   0.0000000000000000        222407.39296759665       -51.009996806041059       -10.000000000000000        3677.8125070117680       -10.000000000000000       -1.0000000000000000     
   6.2831853071795862        222447.39296759665       -41.009996806041059        10.000000000000000        4077.8125070117680        10.000000000000000        1.0000000000000000     
 --------------------
 one block use :    27.518044538795948       seconds
 2018-03-05T01:00:11.000
   0.0000000000000000        220928.35898322571       -51.149540902117764       -10.000000000000000        3742.3966764663387       -10.000000000000000       -1.0000000000000000     
   6.2831853071795862        220968.35898322571       -41.149540902117764        10.000000000000000        4142.3966764663382        10.000000000000000        1.0000000000000000     
 --------------------
 one block use :    27.514495780691504       seconds
 2018-03-05T01:00:27.000
   0.0000000000000000        219444.76123531687       -51.290660974345172       -10.000000000000000        3668.3810967214886       -10.000000000000000       -1.0000000000000000     
   6.2831853071795862        219484.76123531687       -41.290660974345172        10.000000000000000        4068.3810967214886        10.000000000000000        1.0000000000000000     
 --------------------
 one block use :    27.508106209337711       seconds
 2018-03-05T01:00:43.000
   0.0000000000000000        217956.45517604006       -51.435282062108222       -10.000000000000000        3616.6276864125393       -10.000000000000000       -1.0000000000000000     
   6.2831853071795862        217996.45517604006       -41.435282062108222        10.000000000000000        4016.6276864125393        10.000000000000000        1.0000000000000000     
 --------------------
 one block use :    27.507960831746459       seconds
 2018-03-05T01:00:59.000
   0.0000000000000000        216463.28465989762       -51.587546935752272       -10.000000000000000        3636.9908861995359       -10.000000000000000       -1.0000000000000000     
   6.2831853071795862        216503.28465989762       -41.587546935752272        10.000000000000000        4036.9908861995359        10.000000000000000        1.0000000000000000     
 --------------------
 one block use :    27.509607514366508       seconds
 2018-03-05T01:01:15.000
   0.0000000000000000        214965.87862190534       -51.730261383328966       -10.000000000000000        3623.9526591292897       -10.000000000000000       -1.0000000000000000     
   6.2831853071795862        215005.87862190534       -41.730261383328966        10.000000000000000        4023.9526591292897        10.000000000000000        1.0000000000000000     
 --------------------
 one block use :    27.508700711652637       seconds
 2018-03-05T01:01:31.000
   0.0000000000000000        213463.60695479898       -51.876898577850312       -10.000000000000000        3716.5800791583642       -10.000000000000000       -1.0000000000000000     
   6.2831853071795862        213503.60695479898       -41.876898577850312        10.000000000000000        4116.5800791583642        10.000000000000000        1.0000000000000000     
 --------------------
 one block use :    27.504404628649354       seconds
 2018-03-05T01:01:47.000
   0.0000000000000000        211956.87044369674       -52.019609027304838       -10.000000000000000        3655.6453294735129       -10.000000000000000       -1.0000000000000000     
   6.2831853071795862        211996.87044369674       -42.019609027304838        10.000000000000000        4055.6453294735129        10.000000000000000        1.0000000000000000     
 --------------------
 one block use :    27.507727444171906       seconds
 2018-03-05T01:02:03.000
   0.0000000000000000        210445.42263877677       -52.161739197457194       -10.000000000000000        3588.2223456117358       -10.000000000000000       -1.0000000000000000     
   6.2831853071795862        210485.42263877677       -42.161739197457194        10.000000000000000        3988.2223456117358        10.000000000000000        1.0000000000000000     
 --------------------
 one block use :    27.510237736627460       seconds
 2018-03-05T01:02:19.000
   0.0000000000000000        208929.27081578763       -52.307773493807893       -10.000000000000000        3687.7299752014442       -10.000000000000000       -1.0000000000000000     
   6.2831853071795862        208969.27081578763       -42.307773493807893        10.000000000000000        4087.7299752014442        10.000000000000000        1.0000000000000000     
 --------------------
 one block use :    27.504698287695646       seconds
 2018-03-05T01:02:35.000
   0.0000000000000000        207408.11781038059       -52.457968525172262       -10.000000000000000        3664.0622877250689       -10.000000000000000       -1.0000000000000000     
   6.2831853071795862        207448.11781038059       -42.457968525172262        10.000000000000000        4064.0622877250689        10.000000000000000        1.0000000000000000     
 --------------------
 one block use :    27.508028192445636       seconds
 2018-03-05T01:02:51.000
   0.0000000000000000        205882.21509326401       -52.609450208829898       -10.000000000000000        3635.1432226986417       -10.000000000000000       -1.0000000000000000     
   6.2831853071795862        205922.21509326401       -42.609450208829898        10.000000000000000        4035.1432226986417        10.000000000000000        1.0000000000000000     
 --------------------
 one block use :    27.521422715857625       seconds
 2018-03-05T01:03:07.000
   0.0000000000000000        204351.57360608046       -52.759471960475835       -10.000000000000000        3711.6904203039849       -10.000000000000000       -1.0000000000000000     
   6.2831853071795862        204391.57360608046       -42.759471960475835        10.000000000000000        4111.6904203039849        10.000000000000000        1.0000000000000000     
 --------------------
 2018-03-05T01:03:23.000
   0.0000000000000000        201874.75226370280       -52.759471960475835       -10.000000000000000        3617.3654703519223       -10.000000000000000       -1.0000000000000000     
   6.2831853071795862        204388.02638657461       -42.759471960475835        10.000000000000000        4617.3654703519223        10.000000000000000        1.0000000000000000     
 --------------------
 one block use :    88.257000749930739       seconds
 2018-03-05T01:03:39.000
   0.0000000000000000        201275.95928221269       -53.055308595062627       -10.000000000000000        3426.3071816607421       -10.000000000000000       -1.0000000000000000     
   6.2831853071795862        201315.95928221269       -43.055308595062627        10.000000000000000        4426.3071816607426        10.000000000000000        1.0000000000000000     
 --------------------
 2018-03-05T01:03:55.000
   0.0000000000000000        198783.95349545707       -53.055308595062627       -10.000000000000000        3712.9336742700334       -10.000000000000000       -1.0000000000000000     
   6.2831853071795862        201297.22761832891       -43.055308595062627        10.000000000000000        4712.9336742700334        10.000000000000000        1.0000000000000000     
 --------------------
 one block use :    88.388130689039826       seconds
 2018-03-05T01:04:11.000
   0.0000000000000000        198180.44916981328       -53.367113044459316       -10.000000000000000        3435.8850177005479       -10.000000000000000       -1.0000000000000000     
   6.2831853071795862        198220.44916981328       -43.367113044459316        10.000000000000000        4435.8850177005479        10.000000000000000        1.0000000000000000     
 --------------------
 one block use :    27.513918271288276       seconds
 2018-03-05T01:04:27.000
   0.0000000000000000        196625.50887925463       -53.516662435451778       -10.000000000000000        3697.8069660260862       -10.000000000000000       -1.0000000000000000     
   6.2831853071795862        196665.50887925463       -43.516662435451778        10.000000000000000        4097.8069660260862        10.000000000000000        1.0000000000000000     
 --------------------
 one block use :    27.506865244358778       seconds
 2018-03-05T01:04:43.000
   0.0000000000000000        195065.42723641469       -53.674021998410851       -10.000000000000000        3706.7552959098703       -10.000000000000000       -1.0000000000000000     
   6.2831853071795862        195105.42723641469       -43.674021998410851        10.000000000000000        4106.7552959098703        10.000000000000000        1.0000000000000000     
 --------------------
 one block use :    27.511856665834785       seconds
 2018-03-05T01:04:59.000
   0.0000000000000000        193500.50040401798       -53.828776134793273       -10.000000000000000        3775.2456524950817       -10.000000000000000       -1.0000000000000000     
   6.2831853071795862        193540.50040401798       -43.828776134793273        10.000000000000000        4175.2456524950812        10.000000000000000        1.0000000000000000     
 --------------------
 2018-03-05T01:05:15.000
   0.0000000000000000        191008.66172137656       -53.828776134793273       -10.000000000000000        3895.1503521339309       -10.000000000000000       -1.0000000000000000     
   6.2831853071795862        193521.93584424839       -43.828776134793273        10.000000000000000        4895.1503521339309        10.000000000000000        1.0000000000000000     
 --------------------
 one block use :    88.420387290418148       seconds
 2018-03-05T01:05:31.000
   0.0000000000000000        190355.45576212680       -54.141536925323152       -10.000000000000000        3483.5599705307945       -10.000000000000000       -1.0000000000000000     
   6.2831853071795862        190395.45576212680       -44.141536925323152        10.000000000000000        4483.5599705307941        10.000000000000000        1.0000000000000000     
 --------------------
 one block use :    27.507897241041064       seconds
 2018-03-05T01:05:47.000
   0.0000000000000000        188775.27656777043       -54.304146646550251       -10.000000000000000        3868.6101825288097       -10.000000000000000       -1.0000000000000000     
   6.2831853071795862        188815.27656777043       -44.304146646550251        10.000000000000000        4268.6101825288097        10.000000000000000        1.0000000000000000     
 --------------------
 2018-03-05T01:06:03.000
   0.0000000000000000        186267.52451480954       -54.304146646550251       -10.000000000000000        3779.4956203731963       -10.000000000000000       -1.0000000000000000     
   6.2831853071795862        188780.79863768138       -44.304146646550251        10.000000000000000        4779.4956203731963        10.000000000000000        1.0000000000000000     
 --------------------
 one block use :    88.392108153551817       seconds
 2018-03-05T01:06:19.000
   0.0000000000000000        185600.00769185237       -54.616799446171775       -10.000000000000000        3457.6633497547737       -10.000000000000000       -1.0000000000000000     
   6.2831853071795862        185640.00769185237       -44.616799446171775        10.000000000000000        4457.6633497547737        10.000000000000000        1.0000000000000000     
 --------------------
 one block use :    27.512406567111611       seconds
 2018-03-05T01:06:35.000
   0.0000000000000000        184004.63630313944       -54.773759942206389       -10.000000000000000        3796.7805875230870       -10.000000000000000       -1.0000000000000000     
   6.2831853071795862        184044.63630313944       -44.773759942206389        10.000000000000000        4196.7805875230870        10.000000000000000        1.0000000000000000     
 --------------------
 one block use :    27.515073193237185       seconds
 2018-03-05T01:06:51.000
   0.0000000000000000        182403.81680202184       -54.941575454271799       -10.000000000000000        3845.7257406948866       -10.000000000000000       -1.0000000000000000     
   6.2831853071795862        182443.81680202184       -44.941575454271799        10.000000000000000        4245.7257406948866        10.000000000000000        1.0000000000000000     
 --------------------
 one block use :    27.517696194350719       seconds
 2018-03-05T01:07:07.000
   0.0000000000000000        180798.08715043755       -55.101952335008257       -10.000000000000000        3856.6571292334584       -10.000000000000000       -1.0000000000000000     
   6.2831853071795862        180838.08715043755       -45.101952335008257        10.000000000000000        4256.6571292334584        10.000000000000000        1.0000000000000000     
 --------------------
 one block use :    27.514470422640443       seconds
 2018-03-05T01:07:23.000
   0.0000000000000000        179187.57721344728       -55.249273738625007       -10.000000000000000        3799.3769398038767       -10.000000000000000       -1.0000000000000000     
   6.2831853071795862        179227.57721344728       -45.249273738625007        10.000000000000000        4199.3769398038767        10.000000000000000        1.0000000000000000     
 --------------------
 2018-03-05T01:07:39.000
   0.0000000000000000        176652.18310810882       -55.249273738625007       -10.000000000000000        3752.5577976869999       -10.000000000000000       -1.0000000000000000     
   6.2831853071795862        179165.45723098065       -45.249273738625007        10.000000000000000        4752.5577976869999        10.000000000000000        1.0000000000000000     
 --------------------
 one block use :    88.197839312255383       seconds
 2018-03-05T01:07:55.000
   0.0000000000000000        175949.33051766577       -55.590811670348195       -10.000000000000000        3541.9499114902146       -10.000000000000000       -1.0000000000000000     
   6.2831853071795862        175989.33051766577       -45.590811670348195        10.000000000000000        4541.9499114902146        10.000000000000000        1.0000000000000000     
 --------------------
 one block use :    27.514310719445348       seconds
 2018-03-05T01:08:11.000
   0.0000000000000000        174322.41898592113       -55.758187692937121       -10.000000000000000        3769.5298307905127       -10.000000000000000       -1.0000000000000000     
   6.2831853071795862        174362.41898592113       -45.758187692937121        10.000000000000000        4169.5298307905123        10.000000000000000        1.0000000000000000     
 --------------------
 one block use :    27.516168424859643       seconds
 2018-03-05T01:08:27.000
   0.0000000000000000        172690.01827120568       -55.930389003440538       -10.000000000000000        3880.4635339357073       -10.000000000000000       -1.0000000000000000     
   6.2831853071795862        172730.01827120568       -45.930389003440538        10.000000000000000        4280.4635339357073        10.000000000000000        1.0000000000000000     
 --------------------
 one block use :    27.517249038442969       seconds
 2018-03-05T01:08:43.000
   0.0000000000000000        171052.69668603918       -56.091217128820887       -10.000000000000000        3855.8892815717800       -10.000000000000000       -1.0000000000000000     
   6.2831853071795862        171092.69668603918       -46.091217128820887        10.000000000000000        4255.8892815717800        10.000000000000000        1.0000000000000000     
 --------------------
 one block use :    27.508956298232079       seconds
 2018-03-05T01:08:59.000
   0.0000000000000000        169409.78083424494       -56.256623107536683       -10.000000000000000        3732.2032636436129       -10.000000000000000       -1.0000000000000000     
   6.2831853071795862        169449.78083424494       -46.256623107536683        10.000000000000000        4132.2032636436124        10.000000000000000        1.0000000000000000     
 --------------------
 2018-03-05T01:09:15.000
   0.0000000000000000        166843.02564664526       -56.256623107536683       -10.000000000000000        3777.4354038617848       -10.000000000000000       -1.0000000000000000     
   6.2831853071795862        169356.29976951706       -46.256623107536683        10.000000000000000        4777.4354038617848        10.000000000000000        1.0000000000000000     
 --------------------
 one block use :    88.224818753078580       seconds
 2018-03-05T01:09:31.000
   0.0000000000000000        166108.89652718115       -56.554655881066481       -10.000000000000000        3308.8925372459630       -10.000000000000000       -1.0000000000000000     
   6.2831853071795862        166148.89652718115       -46.554655881066481        10.000000000000000        4308.8925372459635        10.000000000000000        1.0000000000000000     
 --------------------
 one block use :    27.508659737184644       seconds
 2018-03-05T01:09:47.000
   0.0000000000000000        164448.20715333760       -56.769150162609456       -10.000000000000000        3848.1305018356466       -10.000000000000000       -1.0000000000000000     
   6.2831853071795862        164488.20715333760       -46.769150162609456        10.000000000000000        4248.1305018356470        10.000000000000000        1.0000000000000000     
 --------------------
 one block use :    27.510181805118918       seconds
 2018-03-05T01:10:03.000
   0.0000000000000000        162783.61994486704       -56.932618169499719       -10.000000000000000        3886.5818541759122       -10.000000000000000       -1.0000000000000000     
   6.2831853071795862        162823.61994486704       -46.932618169499719        10.000000000000000        4286.5818541759127        10.000000000000000        1.0000000000000000     
 --------------------
 one block use :    27.513009361922741       seconds
 2018-03-05T01:10:19.000
   0.0000000000000000        161113.02738337815       -57.112785703445368       -10.000000000000000        3902.3907929582747       -10.000000000000000       -1.0000000000000000     
   6.2831853071795862        161153.02738337815       -47.112785703445368        10.000000000000000        4302.3907929582747        10.000000000000000        1.0000000000000000     
 --------------------
 one block use :    27.509623972699046       seconds
 2018-03-05T01:10:35.000
   0.0000000000000000        159437.28282256061       -57.281901894398715       -10.000000000000000        3834.7429236876210       -10.000000000000000       -1.0000000000000000     
   6.2831853071795862        159477.28282256061       -47.281901894398715        10.000000000000000        4234.7429236876214        10.000000000000000        1.0000000000000000     
 --------------------
 one block use :    27.511029208078980       seconds
 2018-03-05T01:10:51.000
   0.0000000000000000        157755.73503102773       -57.456709565252652       -10.000000000000000        3796.4099017731551       -10.000000000000000       -1.0000000000000000     
   6.2831853071795862        157795.73503102773       -47.456709565252652        10.000000000000000        4196.4099017731551        10.000000000000000        1.0000000000000000     
 --------------------
 2018-03-05T01:11:07.000
   0.0000000000000000        155147.42702654583       -57.456709565252652       -10.000000000000000        3691.6157264334461       -10.000000000000000       -1.0000000000000000     
   6.2831853071795862        157660.70114941767       -47.456709565252652        10.000000000000000        4691.6157264334461        10.000000000000000        1.0000000000000000     
 --------------------
 one block use :    88.125297006219625       seconds
 2018-03-05T01:11:23.000
   0.0000000000000000        154375.73889035784       -57.808736876751546       -10.000000000000000        3478.8656700396468       -10.000000000000000       -1.0000000000000000     
   6.2831853071795862        154415.73889035784       -47.808736876751546        10.000000000000000        4478.8656700396468        10.000000000000000        1.0000000000000000     
 --------------------
 one block use :    27.510291382670403       seconds
 2018-03-05T01:11:39.000
   0.0000000000000000        152677.10905611064       -57.988447097557447       -10.000000000000000        3729.6539432202653       -10.000000000000000       -1.0000000000000000     
   6.2831853071795862        152717.10905611064       -47.988447097557447        10.000000000000000        4129.6539432202653        10.000000000000000        1.0000000000000000     
 --------------------
 one block use :    27.506432861089706       seconds
 2018-03-05T01:11:55.000
   0.0000000000000000        150972.92205932573       -58.164970079013486       -10.000000000000000        3701.8911007567067       -10.000000000000000       -1.0000000000000000     
   6.2831853071795862        151012.92205932573       -48.164970079013486        10.000000000000000        4101.8911007567067        10.000000000000000        1.0000000000000000     
 --------------------
 one block use :    27.506744341924787       seconds
 2018-03-05T01:12:11.000
   0.0000000000000000        149262.89399186824       -58.346240390209630       -10.000000000000000        3822.2258039553308       -10.000000000000000       -1.0000000000000000     
   6.2831853071795862        149302.89399186824       -48.346240390209630        10.000000000000000        4222.2258039553308        10.000000000000000        1.0000000000000000     
 --------------------
 one block use :    27.505482882261276       seconds
 2018-03-05T01:12:27.000
   0.0000000000000000        147547.11319904705       -58.526055634045477       -10.000000000000000        3754.9974406741012       -10.000000000000000       -1.0000000000000000     
   6.2831853071795862        147587.11319904705       -48.526055634045477        10.000000000000000        4154.9974406741012        10.000000000000000        1.0000000000000000     
 --------------------
 one block use :    27.510140195488930       seconds
 2018-03-05T01:12:43.000
   0.0000000000000000        145825.64635605383       -58.703241351849080       -10.000000000000000        3837.0625578051968       -10.000000000000000       -1.0000000000000000     
   6.2831853071795862        145865.64635605383       -48.703241351849080        10.000000000000000        4237.0625578051968        10.000000000000000        1.0000000000000000     
 --------------------
 one block use :    27.508317770436406       seconds
 2018-03-05T01:12:59.000
   0.0000000000000000        144097.82206445714       -58.896711783921035       -10.000000000000000        3823.7390071062455       -10.000000000000000       -1.0000000000000000     
   6.2831853071795862        144137.82206445714       -48.896711783921035        10.000000000000000        4223.7390071062455        10.000000000000000        1.0000000000000000     
 --------------------
 one block use :    27.501927727833390       seconds
 2018-03-05T01:13:15.000
   0.0000000000000000        142364.56329273214       -59.077875993791480       -10.000000000000000        3834.3853384784670       -10.000000000000000       -1.0000000000000000     
   6.2831853071795862        142404.56329273214       -49.077875993791480        10.000000000000000        4234.3853384784670        10.000000000000000        1.0000000000000000     
 --------------------
 one block use :    27.503207754343748       seconds
 2018-03-05T01:13:31.000
   0.0000000000000000        140625.16924735552       -59.265769892561657       -10.000000000000000        3703.0954395126505       -10.000000000000000       -1.0000000000000000     
   6.2831853071795862        140665.16924735552       -49.265769892561657        10.000000000000000        4103.0954395126500        10.000000000000000        1.0000000000000000     
 --------------------
 2018-03-05T01:13:47.000
   0.0000000000000000        137976.94976851949       -59.265769892561657       -10.000000000000000        3720.3019729080042       -10.000000000000000       -1.0000000000000000     
   6.2831853071795862        140490.22389139133       -49.265769892561657        10.000000000000000        4720.3019729080042        10.000000000000000        1.0000000000000000     
 --------------------
 one block use :    88.415117377415299       seconds
 2018-03-05T01:14:03.000
   0.0000000000000000        137128.88663537937       -59.634253243755012       -10.000000000000000        3442.9180268029982       -10.000000000000000       -1.0000000000000000     
   6.2831853071795862        137168.88663537937       -49.634253243755012        10.000000000000000        4442.9180268029977        10.000000000000000        1.0000000000000000     
 --------------------
 2018-03-05T01:14:19.000
   0.0000000000000000        134467.96509297233       -59.634253243755012       -10.000000000000000        3889.2993141304460       -10.000000000000000       -1.0000000000000000     
   6.2831853071795862        136981.23921584417       -49.634253243755012        10.000000000000000        4889.2993141304460        10.000000000000000        1.0000000000000000     
 --------------------
 one block use :    88.381743365898728       seconds
 2018-03-05T01:14:35.000
   0.0000000000000000        133608.48737692233       -60.008380120657343       -10.000000000000000        3538.5707582862824       -10.000000000000000       -1.0000000000000000     
   6.2831853071795862        133648.48737692233       -50.008380120657343        10.000000000000000        4538.5707582862824        10.000000000000000        1.0000000000000000     
 --------------------
 one block use :    27.513129794970155       seconds
 2018-03-05T01:14:51.000
   0.0000000000000000        131839.28283392676       -60.194124747819629       -10.000000000000000        3797.1331124140834       -10.000000000000000       -1.0000000000000000     
   6.2831853071795862        131879.28283392676       -50.194124747819629        10.000000000000000        4197.1331124140834        10.000000000000000        1.0000000000000000     
 --------------------
 one block use :    27.514046754688025       seconds
 2018-03-05T01:15:07.000
   0.0000000000000000        130064.00430962871       -60.376938877979342       -10.000000000000000        3747.8511632761097       -10.000000000000000       -1.0000000000000000     
   6.2831853071795862        130104.00430962871       -50.376938877979342        10.000000000000000        4147.8511632761092        10.000000000000000        1.0000000000000000     
 --------------------
 one block use :    27.515214398503304       seconds
 2018-03-05T01:15:23.000
   0.0000000000000000        128282.15461652377       -60.577369753159317       -10.000000000000000        3725.9257234207148       -10.000000000000000       -1.0000000000000000     
   6.2831853071795862        128322.15461652377       -50.577369753159317        10.000000000000000        4125.9257234207143        10.000000000000000        1.0000000000000000     
 --------------------
 one block use :    27.518755601719022       seconds
 2018-03-05T01:15:39.000
   0.0000000000000000        126494.32536038184       -60.771267866407733       -10.000000000000000        3744.2329763005509       -10.000000000000000       -1.0000000000000000     
   6.2831853071795862        126534.32536038184       -50.771267866407733        10.000000000000000        4144.2329763005509        10.000000000000000        1.0000000000000000     
 --------------------
 one block use :    27.520643929019570       seconds
 2018-03-05T01:15:55.000
   0.0000000000000000        124700.39598026262       -60.961631402481856       -10.000000000000000        3742.7897026824585       -10.000000000000000       -1.0000000000000000     
   6.2831853071795862        124740.39598026262       -50.961631402481856        10.000000000000000        4142.7897026824585        10.000000000000000        1.0000000000000000     
 --------------------
 one block use :    27.518530817702413       seconds
 2018-03-05T01:16:11.000
   0.0000000000000000        122900.19541479798       -61.155146369866458       -10.000000000000000        3672.9405330319923       -10.000000000000000       -1.0000000000000000     
   6.2831853071795862        122940.19541479798       -51.155146369866458        10.000000000000000        4072.9405330319923        10.000000000000000        1.0000000000000000     
 --------------------
 one block use :    27.518304355442524       seconds
 2018-03-05T01:16:27.000
   0.0000000000000000        121093.45438088420       -61.355549190493115       -10.000000000000000        3791.7714401215053       -10.000000000000000       -1.0000000000000000     
   6.2831853071795862        121133.45438088420       -51.355549190493115        10.000000000000000        4191.7714401215053        10.000000000000000        1.0000000000000000     
 --------------------
 one block use :    27.515090616419911       seconds
 2018-03-05T01:16:43.000
   0.0000000000000000        119280.59203138092       -61.552463409739346       -10.000000000000000        3701.4182345874215       -10.000000000000000       -1.0000000000000000     
   6.2831853071795862        119320.59203138092       -51.552463409739346        10.000000000000000        4101.4182345874215        10.000000000000000        1.0000000000000000     
 --------------------
 one block use :    27.514483707025647       seconds
 2018-03-05T01:16:59.000
   0.0000000000000000        117461.75640604473       -61.738689176791041       -10.000000000000000        3655.4148449182280       -10.000000000000000       -1.0000000000000000     
   6.2831853071795862        117501.75640604473       -51.738689176791041        10.000000000000000        4055.4148449182280        10.000000000000000        1.0000000000000000     
 --------------------
 one block use :    27.514645313844085       seconds
 2018-03-05T01:17:15.000
   0.0000000000000000        115635.10251357198       -61.969361083203992       -10.000000000000000        3700.4926200375967       -10.000000000000000       -1.0000000000000000     
   6.2831853071795862        115675.10251357198       -51.969361083203992        10.000000000000000        4100.4926200375967        10.000000000000000        1.0000000000000000     
 --------------------
 one block use :    27.514733172953129       seconds
 2018-03-05T01:17:31.000
   0.0000000000000000        113803.88921874375       -62.142378669809816       -10.000000000000000        3734.1616613711299       -10.000000000000000       -1.0000000000000000     
   6.2831853071795862        113843.88921874375       -52.142378669809816        10.000000000000000        4134.1616613711303        10.000000000000000        1.0000000000000000     
 --------------------
 one block use :    27.512750016525388       seconds
 2018-03-05T01:17:47.000
   0.0000000000000000        111964.93117760043       -62.356959524261555       -10.000000000000000        3682.5310999853418       -10.000000000000000       -1.0000000000000000     
   6.2831853071795862        112004.93117760043       -52.356959524261555        10.000000000000000        4082.5310999853418        10.000000000000000        1.0000000000000000     
 --------------------
 one block use :    27.514382923021913       seconds
 2018-03-05T01:18:03.000
   0.0000000000000000        110119.86139457731       -62.559696773380821       -10.000000000000000        3699.7771758153667       -10.000000000000000       -1.0000000000000000     
   6.2831853071795862        110159.86139457731       -52.559696773380821        10.000000000000000        4099.7771758153667        10.000000000000000        1.0000000000000000     
 --------------------
 2018-03-05T01:18:19.000
   0.0000000000000000        107412.35276130338       -62.559696773380821       -10.000000000000000        3634.2037548742674       -10.000000000000000       -1.0000000000000000     
   6.2831853071795862        109925.62688417522       -52.559696773380821        10.000000000000000        4634.2037548742674        10.000000000000000        1.0000000000000000     
 --------------------
 one block use :    88.396964110434055       seconds
 2018-03-05T01:18:35.000
   0.0000000000000000        106410.20165933103       -62.965095992940824       -10.000000000000000        3406.9282747396442       -10.000000000000000       -1.0000000000000000     
   6.2831853071795862        106450.20165933103       -52.965095992940824        10.000000000000000        4406.9282747396446        10.000000000000000        1.0000000000000000     
 --------------------
 2018-03-05T01:18:51.000
   0.0000000000000000        103671.80264042944       -62.965095992940824       -10.000000000000000        3750.3551130008918       -10.000000000000000       -1.0000000000000000     
   6.2831853071795862        106185.07676330127       -52.965095992940824        10.000000000000000        4750.3551130008918        10.000000000000000        1.0000000000000000     
 --------------------
 one block use :    88.353740550577641       seconds
 2018-03-05T01:19:07.000
   0.0000000000000000        102674.69460807358       -63.353978421128822       -10.000000000000000        3384.7295726631646       -10.000000000000000       -1.0000000000000000     
   6.2831853071795862        102714.69460807358       -53.353978421128822        10.000000000000000        4384.7295726631646        10.000000000000000        1.0000000000000000     
 --------------------
 one block use :    27.507720181718469       seconds
 2018-03-05T01:19:23.000
   0.0000000000000000        100795.76489681439       -63.586591526059223       -10.000000000000000        3718.3814572374226       -10.000000000000000       -1.0000000000000000     
   6.2831853071795862        100835.76489681439       -53.586591526059223        10.000000000000000        4118.3814572374231        10.000000000000000        1.0000000000000000     
 --------------------
 one block use :    27.509170411154628       seconds
 2018-03-05T01:19:39.000
   0.0000000000000000        98911.001190559735       -63.793077312343257       -10.000000000000000        3734.7552464371884       -10.000000000000000       -1.0000000000000000     
   6.2831853071795862        98951.001190559735       -53.793077312343257        10.000000000000000        4134.7552464371884        10.000000000000000        1.0000000000000000     
 --------------------
 one block use :    27.510408012196422       seconds
 2018-03-05T01:19:55.000
   0.0000000000000000        97019.063175040093       -64.010257238217605       -10.000000000000000        3695.8987802544225       -10.000000000000000       -1.0000000000000000     
   6.2831853071795862        97059.063175040093       -54.010257238217605        10.000000000000000        4095.8987802544225        10.000000000000000        1.0000000000000000     
 --------------------
 one block use :    27.506501583382487       seconds
 2018-03-05T01:20:11.000
   0.0000000000000000        95120.424239111904       -64.225831729651318       -10.000000000000000        3670.8561819267993       -10.000000000000000       -1.0000000000000000     
   6.2831853071795862        95160.424239111904       -54.225831729651318        10.000000000000000        4070.8561819267993        10.000000000000000        1.0000000000000000     
 --------------------
 one block use :    27.505332836881280       seconds
 2018-03-05T01:20:27.000
   0.0000000000000000        93215.397663642711       -64.430064899096124       -10.000000000000000        3727.6110004548345       -10.000000000000000       -1.0000000000000000     
   6.2831853071795862        93255.397663642711       -54.430064899096124        10.000000000000000        4127.6110004548345        10.000000000000000        1.0000000000000000     
 --------------------
 one block use :    27.506249362602830       seconds
 2018-03-05T01:20:43.000
   0.0000000000000000        91303.206612539303       -64.645991845030125       -10.000000000000000        3743.2051364369790       -10.000000000000000       -1.0000000000000000     
   6.2831853071795862        91343.206612539303       -54.645991845030117        10.000000000000000        4143.2051364369790        10.000000000000000        1.0000000000000000     
 --------------------
 one block use :    27.506654608994722       seconds
 2018-03-05T01:20:59.000
   0.0000000000000000        89383.778387280501       -64.867629913483995       -10.000000000000000        3719.4700379180204       -10.000000000000000       -1.0000000000000000     
   6.2831853071795862        89423.778387280501       -54.867629913483995        10.000000000000000        4119.4700379180204        10.000000000000000        1.0000000000000000     
 --------------------
 one block use :    27.502118417993188       seconds
 2018-03-05T01:21:15.000
   0.0000000000000000        87457.845110673836       -65.077920020276707       -10.000000000000000        3715.2631294909370       -10.000000000000000       -1.0000000000000000     
   6.2831853071795862        87497.845110673836       -55.077920020276707        10.000000000000000        4115.2631294909370        10.000000000000000        1.0000000000000000     
 --------------------
 2018-03-05T01:21:31.000
   0.0000000000000000        84662.311924186521       -65.077920020276707       -10.000000000000000        3680.4448027804046       -10.000000000000000       -1.0000000000000000     
   6.2831853071795862        87175.586047058343       -55.077920020276707        10.000000000000000        4680.4448027804046        10.000000000000000        1.0000000000000000     
 --------------------
 one block use :    88.265446417033672       seconds
 2018-03-05T01:21:47.000
   0.0000000000000000        83584.071920652335       -65.528888025874465       -10.000000000000000        3471.9936141296494       -10.000000000000000       -1.0000000000000000     
   6.2831853071795862        83624.071920652335       -55.528888025874473        10.000000000000000        4471.9936141296494        10.000000000000000        1.0000000000000000     
 --------------------
 one block use :    27.510572964325547       seconds
 2018-03-05T01:22:03.000
   0.0000000000000000        81637.266087858836       -65.732847782882516       -10.000000000000000        3718.6995500104658       -10.000000000000000       -1.0000000000000000     
   6.2831853071795862        81677.266087858836       -55.732847782882516        10.000000000000000        4118.6995500104658        10.000000000000000        1.0000000000000000     
 --------------------
 2018-03-05T01:22:19.000
   0.0000000000000000        78825.726813710950       -65.732847782882516       -10.000000000000000        3822.4779542506958       -10.000000000000000       -1.0000000000000000     
   6.2831853071795862        81339.000936582772       -55.732847782882516        10.000000000000000        4822.4779542506958        10.000000000000000        1.0000000000000000     
 --------------------
 one block use :    88.450970759615302       seconds
 2018-03-05T01:22:35.000
   0.0000000000000000        77720.735819134003       -66.190977237407736       -10.000000000000000        3466.0081665991947       -10.000000000000000       -1.0000000000000000     
   6.2831853071795862        77760.735819134003       -56.190977237407729        10.000000000000000        4466.0081665991947        10.000000000000000        1.0000000000000000     
 --------------------
 one block use :    27.507842702791095       seconds
 2018-03-05T01:22:51.000
   0.0000000000000000        75751.513647163709       -66.422701465037576       -10.000000000000000        3737.4795660628874       -10.000000000000000       -1.0000000000000000     
   6.2831853071795862        75791.513647163709       -56.422701465037576        10.000000000000000        4137.4795660628879        10.000000000000000        1.0000000000000000     
 --------------------
 one block use :    27.508792448788881       seconds
 2018-03-05T01:23:07.000
   0.0000000000000000        73775.712273703408       -66.637430946665376       -10.000000000000000        3765.2756136415787       -10.000000000000000       -1.0000000000000000     
   6.2831853071795862        73815.712273703408       -56.637430946665376        10.000000000000000        4165.2756136415792        10.000000000000000        1.0000000000000000     
 --------------------
 one block use :    27.507118480280042       seconds
 2018-03-05T01:23:23.000
   0.0000000000000000        71793.395357930218       -66.838132921455781       -10.000000000000000        3781.5064903112079       -10.000000000000000       -1.0000000000000000     
   6.2831853071795862        71833.395357930218       -56.838132921455781        10.000000000000000        4181.5064903112079        10.000000000000000        1.0000000000000000     
 --------------------
 one block use :    27.509760040789843       seconds
 2018-03-05T01:23:39.000
   0.0000000000000000        69801.707915073057       -67.104628200284196       -10.000000000000000        3759.6794362353567       -10.000000000000000       -1.0000000000000000     
   6.2831853071795862        69841.707915073057       -57.104628200284196        10.000000000000000        4159.6794362353567        10.000000000000000        1.0000000000000000     
 --------------------
 one block use :    27.507725058123469       seconds
 2018-03-05T01:23:55.000
   0.0000000000000000        67803.539439111279       -67.337436780446879       -10.000000000000000        3677.1848265279632       -10.000000000000000       -1.0000000000000000     
   6.2831853071795862        67843.539439111279       -57.337436780446879        10.000000000000000        4077.1848265279632        10.000000000000000        1.0000000000000000     
 --------------------
 one block use :    27.510725514963269       seconds
 2018-03-05T01:24:11.000
   0.0000000000000000        65798.154915742984       -67.557441342378070       -10.000000000000000        3666.1412673199629       -10.000000000000000       -1.0000000000000000     
   6.2831853071795862        65838.154915742984       -57.557441342378070        10.000000000000000        4066.1412673199629        10.000000000000000        1.0000000000000000     
 --------------------
 one block use :    27.508719170466065       seconds
 2018-03-05T01:24:27.000
   0.0000000000000000        63785.446930770624       -67.781695129033935       -10.000000000000000        3692.4724286944111       -10.000000000000000       -1.0000000000000000     
   6.2831853071795862        63825.446930770624       -57.781695129033935        10.000000000000000        4092.4724286944111        10.000000000000000        1.0000000000000000     
 --------------------
 one block use :    27.508451491594315       seconds
 2018-03-05T01:24:43.000
   0.0000000000000000        61767.419002770628       -67.968832430981195       -10.000000000000000        3722.5384024370210       -10.000000000000000       -1.0000000000000000     
   6.2831853071795862        61807.419002770628       -57.968832430981188        10.000000000000000        4122.5384024370214        10.000000000000000        1.0000000000000000     
 --------------------
 one block use :    27.506921617314219       seconds
 2018-03-05T01:24:59.000
   0.0000000000000000        59755.236813012962       -67.872531148139004       -10.000000000000000        3684.8592822820438       -10.000000000000000       -1.0000000000000000     
   6.2831853071795862        59795.236813012962       -57.872531148139004        10.000000000000000        4084.8592822820438        10.000000000000000        1.0000000000000000     
